26-Mar-2025 08:28:15.836 INFO [main] org.apache.catalina.core.ApplicationContext.log ContextListener: contextInitialized()
26-Mar-2025 08:28:15.836 INFO [main] org.apache.catalina.core.ApplicationContext.log SessionListener: contextInitialized()
26-Mar-2025 08:28:15.837 INFO [main] org.apache.catalina.core.ApplicationContext.log ContextListener: attributeAdded('StockTicker', 'async.Stockticker@4f89331f')
26-Mar-2025 16:34:22.721 SEVERE [http-nio-8080-exec-69] org.apache.catalina.core.StandardWrapperValve.invoke Servlet.service() for servlet [jsp] in context with path [/HospitalManagement] threw exception [Unable to compile class for JSP: 

An error occurred at line: [122] in the jsp file: [/appointmentBooking.jsp]
Duplicate local variable conn
119:         String appointmentTimeStr = request.getParameter("appointment_time");
120: 
121:         if (patientName != null && doctorIdStr != null && appointmentTimeStr != null) {
122:             Connection conn = null;
123:             PreparedStatement stmt = null;
124:             ResultSet rs = null;
125: 


An error occurred at line: [123] in the jsp file: [/appointmentBooking.jsp]
Duplicate local variable stmt
120: 
121:         if (patientName != null && doctorIdStr != null && appointmentTimeStr != null) {
122:             Connection conn = null;
123:             PreparedStatement stmt = null;
124:             ResultSet rs = null;
125: 
126:             try {


An error occurred at line: [124] in the jsp file: [/appointmentBooking.jsp]
Duplicate local variable rs
121:         if (patientName != null && doctorIdStr != null && appointmentTimeStr != null) {
122:             Connection conn = null;
123:             PreparedStatement stmt = null;
124:             ResultSet rs = null;
125: 
126:             try {
127:                 int doctorId = Integer.parseInt(doctorIdStr);


Stacktrace:] with root cause
	org.apache.jasper.JasperException: Unable to compile class for JSP: 

An error occurred at line: [122] in the jsp file: [/appointmentBooking.jsp]
Duplicate local variable conn
119:         String appointmentTimeStr = request.getParameter("appointment_time");
120: 
121:         if (patientName != null && doctorIdStr != null && appointmentTimeStr != null) {
122:             Connection conn = null;
123:             PreparedStatement stmt = null;
124:             ResultSet rs = null;
125: 


An error occurred at line: [123] in the jsp file: [/appointmentBooking.jsp]
Duplicate local variable stmt
120: 
121:         if (patientName != null && doctorIdStr != null && appointmentTimeStr != null) {
122:             Connection conn = null;
123:             PreparedStatement stmt = null;
124:             ResultSet rs = null;
125: 
126:             try {


An error occurred at line: [124] in the jsp file: [/appointmentBooking.jsp]
Duplicate local variable rs
121:         if (patientName != null && doctorIdStr != null && appointmentTimeStr != null) {
122:             Connection conn = null;
123:             PreparedStatement stmt = null;
124:             ResultSet rs = null;
125: 
126:             try {
127:                 int doctorId = Integer.parseInt(doctorIdStr);


Stacktrace:
		at org.apache.jasper.compiler.DefaultErrorHandler.javacError(DefaultErrorHandler.java:102)
		at org.apache.jasper.compiler.ErrorDispatcher.javacError(ErrorDispatcher.java:214)
		at org.apache.jasper.compiler.JDTCompiler.generateClass(JDTCompiler.java:531)
		at org.apache.jasper.compiler.Compiler.compile(Compiler.java:398)
		at org.apache.jasper.compiler.Compiler.compile(Compiler.java:368)
		at org.apache.jasper.compiler.Compiler.compile(Compiler.java:352)
		at org.apache.jasper.JspCompilationContext.compile(JspCompilationContext.java:603)
		at org.apache.jasper.servlet.JspServletWrapper.service(JspServletWrapper.java:399)
		at org.apache.jasper.servlet.JspServlet.serviceJspFile(JspServlet.java:379)
		at org.apache.jasper.servlet.JspServlet.service(JspServlet.java:327)
		at javax.servlet.http.HttpServlet.service(HttpServlet.java:623)
		at org.apache.catalina.core.ApplicationFilterChain.internalDoFilter(ApplicationFilterChain.java:209)
		at org.apache.catalina.core.ApplicationFilterChain.doFilter(ApplicationFilterChain.java:153)
		at org.apache.tomcat.websocket.server.WsFilter.doFilter(WsFilter.java:51)
		at org.apache.catalina.core.ApplicationFilterChain.internalDoFilter(ApplicationFilterChain.java:178)
		at org.apache.catalina.core.ApplicationFilterChain.doFilter(ApplicationFilterChain.java:153)
		at org.apache.catalina.core.StandardWrapperValve.invoke(StandardWrapperValve.java:168)
		at org.apache.catalina.core.StandardContextValve.invoke(StandardContextValve.java:90)
		at org.apache.catalina.authenticator.AuthenticatorBase.invoke(AuthenticatorBase.java:481)
		at org.apache.catalina.core.StandardHostValve.invoke(StandardHostValve.java:130)
		at org.apache.catalina.valves.ErrorReportValve.invoke(ErrorReportValve.java:93)
		at org.apache.catalina.valves.AbstractAccessLogValve.invoke(AbstractAccessLogValve.java:670)
		at org.apache.catalina.core.StandardEngineValve.invoke(StandardEngineValve.java:74)
		at org.apache.catalina.connector.CoyoteAdapter.service(CoyoteAdapter.java:346)
		at org.apache.coyote.http11.Http11Processor.service(Http11Processor.java:390)
		at org.apache.coyote.AbstractProcessorLight.process(AbstractProcessorLight.java:63)
		at org.apache.coyote.AbstractProtocol$ConnectionHandler.process(AbstractProtocol.java:928)
		at org.apache.tomcat.util.net.NioEndpoint$SocketProcessor.doRun(NioEndpoint.java:1794)
		at org.apache.tomcat.util.net.SocketProcessorBase.run(SocketProcessorBase.java:52)
		at org.apache.tomcat.util.threads.ThreadPoolExecutor.runWorker(ThreadPoolExecutor.java:1191)
		at org.apache.tomcat.util.threads.ThreadPoolExecutor$Worker.run(ThreadPoolExecutor.java:659)
		at org.apache.tomcat.util.threads.TaskThread$WrappingRunnable.run(TaskThread.java:63)
		at java.base/java.lang.Thread.run(Thread.java:1623)
26-Mar-2025 16:34:33.156 SEVERE [http-nio-8080-exec-71] org.apache.catalina.core.StandardWrapperValve.invoke Servlet.service() for servlet [jsp] in context with path [/HospitalManagement] threw exception [Unable to compile class for JSP: 

An error occurred at line: [122] in the jsp file: [/appointmentBooking.jsp]
Duplicate local variable conn
119:         String appointmentTimeStr = request.getParameter("appointment_time");
120: 
121:         if (patientName != null && doctorIdStr != null && appointmentTimeStr != null) {
122:             Connection conn = null;
123:             PreparedStatement stmt = null;
124:             ResultSet rs = null;
125: 


An error occurred at line: [123] in the jsp file: [/appointmentBooking.jsp]
Duplicate local variable stmt
120: 
121:         if (patientName != null && doctorIdStr != null && appointmentTimeStr != null) {
122:             Connection conn = null;
123:             PreparedStatement stmt = null;
124:             ResultSet rs = null;
125: 
126:             try {


An error occurred at line: [124] in the jsp file: [/appointmentBooking.jsp]
Duplicate local variable rs
121:         if (patientName != null && doctorIdStr != null && appointmentTimeStr != null) {
122:             Connection conn = null;
123:             PreparedStatement stmt = null;
124:             ResultSet rs = null;
125: 
126:             try {
127:                 int doctorId = Integer.parseInt(doctorIdStr);


Stacktrace:] with root cause
	org.apache.jasper.JasperException: Unable to compile class for JSP: 

An error occurred at line: [122] in the jsp file: [/appointmentBooking.jsp]
Duplicate local variable conn
119:         String appointmentTimeStr = request.getParameter("appointment_time");
120: 
121:         if (patientName != null && doctorIdStr != null && appointmentTimeStr != null) {
122:             Connection conn = null;
123:             PreparedStatement stmt = null;
124:             ResultSet rs = null;
125: 


An error occurred at line: [123] in the jsp file: [/appointmentBooking.jsp]
Duplicate local variable stmt
120: 
121:         if (patientName != null && doctorIdStr != null && appointmentTimeStr != null) {
122:             Connection conn = null;
123:             PreparedStatement stmt = null;
124:             ResultSet rs = null;
125: 
126:             try {


An error occurred at line: [124] in the jsp file: [/appointmentBooking.jsp]
Duplicate local variable rs
121:         if (patientName != null && doctorIdStr != null && appointmentTimeStr != null) {
122:             Connection conn = null;
123:             PreparedStatement stmt = null;
124:             ResultSet rs = null;
125: 
126:             try {
127:                 int doctorId = Integer.parseInt(doctorIdStr);


Stacktrace:
		at org.apache.jasper.compiler.DefaultErrorHandler.javacError(DefaultErrorHandler.java:102)
		at org.apache.jasper.compiler.ErrorDispatcher.javacError(ErrorDispatcher.java:214)
		at org.apache.jasper.compiler.JDTCompiler.generateClass(JDTCompiler.java:531)
		at org.apache.jasper.compiler.Compiler.compile(Compiler.java:398)
		at org.apache.jasper.compiler.Compiler.compile(Compiler.java:368)
		at org.apache.jasper.compiler.Compiler.compile(Compiler.java:352)
		at org.apache.jasper.JspCompilationContext.compile(JspCompilationContext.java:603)
		at org.apache.jasper.servlet.JspServletWrapper.service(JspServletWrapper.java:399)
		at org.apache.jasper.servlet.JspServlet.serviceJspFile(JspServlet.java:379)
		at org.apache.jasper.servlet.JspServlet.service(JspServlet.java:327)
		at javax.servlet.http.HttpServlet.service(HttpServlet.java:623)
		at org.apache.catalina.core.ApplicationFilterChain.internalDoFilter(ApplicationFilterChain.java:209)
		at org.apache.catalina.core.ApplicationFilterChain.doFilter(ApplicationFilterChain.java:153)
		at org.apache.tomcat.websocket.server.WsFilter.doFilter(WsFilter.java:51)
		at org.apache.catalina.core.ApplicationFilterChain.internalDoFilter(ApplicationFilterChain.java:178)
		at org.apache.catalina.core.ApplicationFilterChain.doFilter(ApplicationFilterChain.java:153)
		at org.apache.catalina.core.StandardWrapperValve.invoke(StandardWrapperValve.java:168)
		at org.apache.catalina.core.StandardContextValve.invoke(StandardContextValve.java:90)
		at org.apache.catalina.authenticator.AuthenticatorBase.invoke(AuthenticatorBase.java:481)
		at org.apache.catalina.core.StandardHostValve.invoke(StandardHostValve.java:130)
		at org.apache.catalina.valves.ErrorReportValve.invoke(ErrorReportValve.java:93)
		at org.apache.catalina.valves.AbstractAccessLogValve.invoke(AbstractAccessLogValve.java:670)
		at org.apache.catalina.core.StandardEngineValve.invoke(StandardEngineValve.java:74)
		at org.apache.catalina.connector.CoyoteAdapter.service(CoyoteAdapter.java:346)
		at org.apache.coyote.http11.Http11Processor.service(Http11Processor.java:390)
		at org.apache.coyote.AbstractProcessorLight.process(AbstractProcessorLight.java:63)
		at org.apache.coyote.AbstractProtocol$ConnectionHandler.process(AbstractProtocol.java:928)
		at org.apache.tomcat.util.net.NioEndpoint$SocketProcessor.doRun(NioEndpoint.java:1794)
		at org.apache.tomcat.util.net.SocketProcessorBase.run(SocketProcessorBase.java:52)
		at org.apache.tomcat.util.threads.ThreadPoolExecutor.runWorker(ThreadPoolExecutor.java:1191)
		at org.apache.tomcat.util.threads.ThreadPoolExecutor$Worker.run(ThreadPoolExecutor.java:659)
		at org.apache.tomcat.util.threads.TaskThread$WrappingRunnable.run(TaskThread.java:63)
		at java.base/java.lang.Thread.run(Thread.java:1623)
26-Mar-2025 16:53:06.159 SEVERE [http-nio-8080-exec-69] org.apache.catalina.core.StandardWrapperValve.invoke Servlet.service() for servlet [jsp] in context with path [/HospitalManagement] threw exception [Unable to compile class for JSP: 

An error occurred at line: [122] in the jsp file: [/appointmentBooking.jsp]
Duplicate local variable conn
119:         String appointmentTimeStr = request.getParameter("appointment_time");
120: 
121:         if (patientName != null && doctorIdStr != null && appointmentTimeStr != null) {
122:             Connection conn = null;
123:             PreparedStatement stmt = null;
124:             ResultSet rs = null;
125: 


An error occurred at line: [123] in the jsp file: [/appointmentBooking.jsp]
Duplicate local variable stmt
120: 
121:         if (patientName != null && doctorIdStr != null && appointmentTimeStr != null) {
122:             Connection conn = null;
123:             PreparedStatement stmt = null;
124:             ResultSet rs = null;
125: 
126:             try {


An error occurred at line: [124] in the jsp file: [/appointmentBooking.jsp]
Duplicate local variable rs
121:         if (patientName != null && doctorIdStr != null && appointmentTimeStr != null) {
122:             Connection conn = null;
123:             PreparedStatement stmt = null;
124:             ResultSet rs = null;
125: 
126:             try {
127:                 int doctorId = Integer.parseInt(doctorIdStr);


Stacktrace:] with root cause
	org.apache.jasper.JasperException: Unable to compile class for JSP: 

An error occurred at line: [122] in the jsp file: [/appointmentBooking.jsp]
Duplicate local variable conn
119:         String appointmentTimeStr = request.getParameter("appointment_time");
120: 
121:         if (patientName != null && doctorIdStr != null && appointmentTimeStr != null) {
122:             Connection conn = null;
123:             PreparedStatement stmt = null;
124:             ResultSet rs = null;
125: 


An error occurred at line: [123] in the jsp file: [/appointmentBooking.jsp]
Duplicate local variable stmt
120: 
121:         if (patientName != null && doctorIdStr != null && appointmentTimeStr != null) {
122:             Connection conn = null;
123:             PreparedStatement stmt = null;
124:             ResultSet rs = null;
125: 
126:             try {


An error occurred at line: [124] in the jsp file: [/appointmentBooking.jsp]
Duplicate local variable rs
121:         if (patientName != null && doctorIdStr != null && appointmentTimeStr != null) {
122:             Connection conn = null;
123:             PreparedStatement stmt = null;
124:             ResultSet rs = null;
125: 
126:             try {
127:                 int doctorId = Integer.parseInt(doctorIdStr);


Stacktrace:
		at org.apache.jasper.compiler.DefaultErrorHandler.javacError(DefaultErrorHandler.java:102)
		at org.apache.jasper.compiler.ErrorDispatcher.javacError(ErrorDispatcher.java:214)
		at org.apache.jasper.compiler.JDTCompiler.generateClass(JDTCompiler.java:531)
		at org.apache.jasper.compiler.Compiler.compile(Compiler.java:398)
		at org.apache.jasper.compiler.Compiler.compile(Compiler.java:368)
		at org.apache.jasper.compiler.Compiler.compile(Compiler.java:352)
		at org.apache.jasper.JspCompilationContext.compile(JspCompilationContext.java:603)
		at org.apache.jasper.servlet.JspServletWrapper.service(JspServletWrapper.java:399)
		at org.apache.jasper.servlet.JspServlet.serviceJspFile(JspServlet.java:379)
		at org.apache.jasper.servlet.JspServlet.service(JspServlet.java:327)
		at javax.servlet.http.HttpServlet.service(HttpServlet.java:623)
		at org.apache.catalina.core.ApplicationFilterChain.internalDoFilter(ApplicationFilterChain.java:209)
		at org.apache.catalina.core.ApplicationFilterChain.doFilter(ApplicationFilterChain.java:153)
		at org.apache.tomcat.websocket.server.WsFilter.doFilter(WsFilter.java:51)
		at org.apache.catalina.core.ApplicationFilterChain.internalDoFilter(ApplicationFilterChain.java:178)
		at org.apache.catalina.core.ApplicationFilterChain.doFilter(ApplicationFilterChain.java:153)
		at org.apache.catalina.core.StandardWrapperValve.invoke(StandardWrapperValve.java:168)
		at org.apache.catalina.core.StandardContextValve.invoke(StandardContextValve.java:90)
		at org.apache.catalina.authenticator.AuthenticatorBase.invoke(AuthenticatorBase.java:481)
		at org.apache.catalina.core.StandardHostValve.invoke(StandardHostValve.java:130)
		at org.apache.catalina.valves.ErrorReportValve.invoke(ErrorReportValve.java:93)
		at org.apache.catalina.valves.AbstractAccessLogValve.invoke(AbstractAccessLogValve.java:670)
		at org.apache.catalina.core.StandardEngineValve.invoke(StandardEngineValve.java:74)
		at org.apache.catalina.connector.CoyoteAdapter.service(CoyoteAdapter.java:346)
		at org.apache.coyote.http11.Http11Processor.service(Http11Processor.java:390)
		at org.apache.coyote.AbstractProcessorLight.process(AbstractProcessorLight.java:63)
		at org.apache.coyote.AbstractProtocol$ConnectionHandler.process(AbstractProtocol.java:928)
		at org.apache.tomcat.util.net.NioEndpoint$SocketProcessor.doRun(NioEndpoint.java:1794)
		at org.apache.tomcat.util.net.SocketProcessorBase.run(SocketProcessorBase.java:52)
		at org.apache.tomcat.util.threads.ThreadPoolExecutor.runWorker(ThreadPoolExecutor.java:1191)
		at org.apache.tomcat.util.threads.ThreadPoolExecutor$Worker.run(ThreadPoolExecutor.java:659)
		at org.apache.tomcat.util.threads.TaskThread$WrappingRunnable.run(TaskThread.java:63)
		at java.base/java.lang.Thread.run(Thread.java:1623)
26-Mar-2025 17:58:28.880 SEVERE [http-nio-8080-exec-103] org.apache.catalina.core.StandardWrapperValve.invoke Servlet.service() for servlet [jsp] in context with path [/HospitalManagement] threw exception [Unable to compile class for JSP: 

An error occurred at line: [72] in the jsp file: [/appointmentBooking.jsp]
doctorId cannot be resolved to a variable
69:         <select id="doctor_id" name="doctor_id" required>
70:             <option value="1">kiran</option>
71:                         <option value="2">rohit</option>
72:                                         <option value="<%= doctorId %>"><%= doctorName %></option>
73: 
74:         </select>
75: 


An error occurred at line: [72] in the jsp file: [/appointmentBooking.jsp]
doctorName cannot be resolved to a variable
69:         <select id="doctor_id" name="doctor_id" required>
70:             <option value="1">kiran</option>
71:                         <option value="2">rohit</option>
72:                                         <option value="<%= doctorId %>"><%= doctorName %></option>
73: 
74:         </select>
75: 


Stacktrace:] with root cause
	org.apache.jasper.JasperException: Unable to compile class for JSP: 

An error occurred at line: [72] in the jsp file: [/appointmentBooking.jsp]
doctorId cannot be resolved to a variable
69:         <select id="doctor_id" name="doctor_id" required>
70:             <option value="1">kiran</option>
71:                         <option value="2">rohit</option>
72:                                         <option value="<%= doctorId %>"><%= doctorName %></option>
73: 
74:         </select>
75: 


An error occurred at line: [72] in the jsp file: [/appointmentBooking.jsp]
doctorName cannot be resolved to a variable
69:         <select id="doctor_id" name="doctor_id" required>
70:             <option value="1">kiran</option>
71:                         <option value="2">rohit</option>
72:                                         <option value="<%= doctorId %>"><%= doctorName %></option>
73: 
74:         </select>
75: 


Stacktrace:
		at org.apache.jasper.compiler.DefaultErrorHandler.javacError(DefaultErrorHandler.java:102)
		at org.apache.jasper.compiler.ErrorDispatcher.javacError(ErrorDispatcher.java:214)
		at org.apache.jasper.compiler.JDTCompiler.generateClass(JDTCompiler.java:531)
		at org.apache.jasper.compiler.Compiler.compile(Compiler.java:398)
		at org.apache.jasper.compiler.Compiler.compile(Compiler.java:368)
		at org.apache.jasper.compiler.Compiler.compile(Compiler.java:352)
		at org.apache.jasper.JspCompilationContext.compile(JspCompilationContext.java:603)
		at org.apache.jasper.servlet.JspServletWrapper.service(JspServletWrapper.java:399)
		at org.apache.jasper.servlet.JspServlet.serviceJspFile(JspServlet.java:379)
		at org.apache.jasper.servlet.JspServlet.service(JspServlet.java:327)
		at javax.servlet.http.HttpServlet.service(HttpServlet.java:623)
		at org.apache.catalina.core.ApplicationFilterChain.internalDoFilter(ApplicationFilterChain.java:209)
		at org.apache.catalina.core.ApplicationFilterChain.doFilter(ApplicationFilterChain.java:153)
		at org.apache.tomcat.websocket.server.WsFilter.doFilter(WsFilter.java:51)
		at org.apache.catalina.core.ApplicationFilterChain.internalDoFilter(ApplicationFilterChain.java:178)
		at org.apache.catalina.core.ApplicationFilterChain.doFilter(ApplicationFilterChain.java:153)
		at org.apache.catalina.core.StandardWrapperValve.invoke(StandardWrapperValve.java:168)
		at org.apache.catalina.core.StandardContextValve.invoke(StandardContextValve.java:90)
		at org.apache.catalina.authenticator.AuthenticatorBase.invoke(AuthenticatorBase.java:481)
		at org.apache.catalina.core.StandardHostValve.invoke(StandardHostValve.java:130)
		at org.apache.catalina.valves.ErrorReportValve.invoke(ErrorReportValve.java:93)
		at org.apache.catalina.valves.AbstractAccessLogValve.invoke(AbstractAccessLogValve.java:670)
		at org.apache.catalina.core.StandardEngineValve.invoke(StandardEngineValve.java:74)
		at org.apache.catalina.connector.CoyoteAdapter.service(CoyoteAdapter.java:346)
		at org.apache.coyote.http11.Http11Processor.service(Http11Processor.java:390)
		at org.apache.coyote.AbstractProcessorLight.process(AbstractProcessorLight.java:63)
		at org.apache.coyote.AbstractProtocol$ConnectionHandler.process(AbstractProtocol.java:928)
		at org.apache.tomcat.util.net.NioEndpoint$SocketProcessor.doRun(NioEndpoint.java:1794)
		at org.apache.tomcat.util.net.SocketProcessorBase.run(SocketProcessorBase.java:52)
		at org.apache.tomcat.util.threads.ThreadPoolExecutor.runWorker(ThreadPoolExecutor.java:1191)
		at org.apache.tomcat.util.threads.ThreadPoolExecutor$Worker.run(ThreadPoolExecutor.java:659)
		at org.apache.tomcat.util.threads.TaskThread$WrappingRunnable.run(TaskThread.java:63)
		at java.base/java.lang.Thread.run(Thread.java:1623)
26-Mar-2025 19:36:13.572 INFO [main] org.apache.catalina.core.ApplicationContext.log SessionListener: contextDestroyed()
26-Mar-2025 19:36:13.572 INFO [main] org.apache.catalina.core.ApplicationContext.log ContextListener: contextDestroyed()
