26-Mar-2025 08:28:18.456 INFO [http-nio-8080-exec-5] org.apache.catalina.core.ApplicationContext.log Manager: init: Associated with Deployer 'Catalina:type=Deployer,host=localhost'
26-Mar-2025 08:28:18.456 INFO [http-nio-8080-exec-5] org.apache.catalina.core.ApplicationContext.log Manager: init: Global resources are available
26-Mar-2025 08:28:18.503 INFO [http-nio-8080-exec-2] org.apache.catalina.core.ApplicationContext.log Manager: list: Listing contexts for virtual host 'localhost'
26-Mar-2025 08:28:18.516 INFO [http-nio-8080-exec-4] org.apache.catalina.core.ApplicationContext.log Manager: list: Listing contexts for virtual host 'localhost'
26-Mar-2025 08:28:18.569 INFO [http-nio-8080-exec-7] org.apache.catalina.core.ApplicationContext.log Manager: undeploy: Undeploying web application at '/WebApplication3'
26-Mar-2025 08:28:19.117 INFO [http-nio-8080-exec-3] org.apache.catalina.core.ApplicationContext.log Manager: install: Installing context configuration at 'file:/C:/Users/91976/AppData/Local/Temp/context9024032701899227500.xml'
26-Mar-2025 08:30:42.513 INFO [http-nio-8080-exec-15] org.apache.catalina.core.ApplicationContext.log Manager: list: Listing contexts for virtual host 'localhost'
26-Mar-2025 08:30:42.522 INFO [http-nio-8080-exec-20] org.apache.catalina.core.ApplicationContext.log Manager: list: Listing contexts for virtual host 'localhost'
26-Mar-2025 08:33:33.361 INFO [http-nio-8080-exec-18] org.apache.catalina.core.ApplicationContext.log Manager: list: Listing contexts for virtual host 'localhost'
26-Mar-2025 08:33:33.814 INFO [http-nio-8080-exec-17] org.apache.catalina.core.ApplicationContext.log Manager: list: Listing contexts for virtual host 'localhost'
26-Mar-2025 08:33:33.820 INFO [http-nio-8080-exec-19] org.apache.catalina.core.ApplicationContext.log Manager: list: Listing contexts for virtual host 'localhost'
26-Mar-2025 08:33:46.539 INFO [http-nio-8080-exec-20] org.apache.catalina.core.ApplicationContext.log Manager: list: Listing contexts for virtual host 'localhost'
26-Mar-2025 08:33:46.545 INFO [http-nio-8080-exec-16] org.apache.catalina.core.ApplicationContext.log Manager: list: Listing contexts for virtual host 'localhost'
26-Mar-2025 08:33:54.500 INFO [http-nio-8080-exec-12] org.apache.catalina.core.ApplicationContext.log Manager: list: Listing contexts for virtual host 'localhost'
26-Mar-2025 08:33:54.508 INFO [http-nio-8080-exec-11] org.apache.catalina.core.ApplicationContext.log Manager: list: Listing contexts for virtual host 'localhost'
26-Mar-2025 08:34:03.231 INFO [http-nio-8080-exec-13] org.apache.catalina.core.ApplicationContext.log Manager: list: Listing contexts for virtual host 'localhost'
26-Mar-2025 08:34:03.238 INFO [http-nio-8080-exec-14] org.apache.catalina.core.ApplicationContext.log Manager: list: Listing contexts for virtual host 'localhost'
26-Mar-2025 08:34:09.728 INFO [http-nio-8080-exec-15] org.apache.catalina.core.ApplicationContext.log Manager: list: Listing contexts for virtual host 'localhost'
26-Mar-2025 08:34:09.736 INFO [http-nio-8080-exec-11] org.apache.catalina.core.ApplicationContext.log Manager: list: Listing contexts for virtual host 'localhost'
26-Mar-2025 08:44:00.863 INFO [http-nio-8080-exec-15] org.apache.catalina.core.ApplicationContext.log Manager: list: Listing contexts for virtual host 'localhost'
26-Mar-2025 08:44:00.959 INFO [http-nio-8080-exec-17] org.apache.catalina.core.ApplicationContext.log Manager: list: Listing contexts for virtual host 'localhost'
26-Mar-2025 08:44:00.981 INFO [http-nio-8080-exec-18] org.apache.catalina.core.ApplicationContext.log Manager: undeploy: Undeploying web application at '/WebApplication3'
26-Mar-2025 08:44:05.488 INFO [http-nio-8080-exec-13] org.apache.catalina.core.ApplicationContext.log Manager: list: Listing contexts for virtual host 'localhost'
26-Mar-2025 08:44:05.490 INFO [http-nio-8080-exec-21] org.apache.catalina.core.ApplicationContext.log Manager: list: Listing contexts for virtual host 'localhost'
26-Mar-2025 08:44:05.490 INFO [http-nio-8080-exec-12] org.apache.catalina.core.ApplicationContext.log Manager: install: Installing context configuration at 'file:/C:/Users/91976/AppData/Local/Temp/context12086803731946622309.xml'
26-Mar-2025 08:44:05.817 INFO [http-nio-8080-exec-19] org.apache.catalina.core.ApplicationContext.log Manager: start: Starting web application '/WebApplication3'
26-Mar-2025 09:26:19.048 INFO [http-nio-8080-exec-22] org.apache.catalina.core.ApplicationContext.log Manager: list: Listing contexts for virtual host 'localhost'
26-Mar-2025 09:26:19.065 INFO [http-nio-8080-exec-29] org.apache.catalina.core.ApplicationContext.log Manager: restart: Reloading web application '/WebApplication3'
26-Mar-2025 09:26:19.259 INFO [http-nio-8080-exec-30] org.apache.catalina.core.ApplicationContext.log Manager: list: Listing contexts for virtual host 'localhost'
26-Mar-2025 09:26:19.267 INFO [http-nio-8080-exec-31] org.apache.catalina.core.ApplicationContext.log Manager: list: Listing contexts for virtual host 'localhost'
26-Mar-2025 09:26:20.216 INFO [http-nio-8080-exec-24] org.apache.catalina.core.ApplicationContext.log Manager: restart: Reloading web application '/WebApplication3'
26-Mar-2025 14:32:48.935 INFO [http-nio-8080-exec-33] org.apache.catalina.core.ApplicationContext.log Manager: list: Listing contexts for virtual host 'localhost'
26-Mar-2025 14:32:48.939 INFO [http-nio-8080-exec-35] org.apache.catalina.core.ApplicationContext.log Manager: list: Listing contexts for virtual host 'localhost'
26-Mar-2025 14:32:48.963 INFO [http-nio-8080-exec-36] org.apache.catalina.core.ApplicationContext.log Manager: install: Installing context configuration at 'file:/C:/Users/91976/AppData/Local/Temp/context5230787659850264458.xml'
26-Mar-2025 14:32:49.739 INFO [http-nio-8080-exec-32] org.apache.catalina.core.ApplicationContext.log Manager: start: Starting web application '/HospitalManagement'
26-Mar-2025 14:34:26.343 INFO [http-nio-8080-exec-39] org.apache.catalina.core.ApplicationContext.log Manager: list: Listing contexts for virtual host 'localhost'
26-Mar-2025 14:34:26.357 INFO [http-nio-8080-exec-38] org.apache.catalina.core.ApplicationContext.log Manager: stop: Stopping web application '/HospitalManagement'
26-Mar-2025 14:34:26.388 INFO [http-nio-8080-exec-32] org.apache.catalina.core.ApplicationContext.log Manager: start: Starting web application '/HospitalManagement'
26-Mar-2025 14:34:27.409 INFO [http-nio-8080-exec-43] org.apache.catalina.core.ApplicationContext.log Manager: list: Listing contexts for virtual host 'localhost'
26-Mar-2025 14:34:27.418 INFO [http-nio-8080-exec-40] org.apache.catalina.core.ApplicationContext.log Manager: stop: Stopping web application '/HospitalManagement'
26-Mar-2025 14:34:27.454 INFO [http-nio-8080-exec-35] org.apache.catalina.core.ApplicationContext.log Manager: start: Starting web application '/HospitalManagement'
26-Mar-2025 14:35:11.703 INFO [http-nio-8080-exec-35] org.apache.catalina.core.ApplicationContext.log Manager: list: Listing contexts for virtual host 'localhost'
26-Mar-2025 14:35:11.712 INFO [http-nio-8080-exec-43] org.apache.catalina.core.ApplicationContext.log Manager: stop: Stopping web application '/HospitalManagement'
26-Mar-2025 14:35:11.722 INFO [http-nio-8080-exec-32] org.apache.catalina.core.ApplicationContext.log Manager: start: Starting web application '/HospitalManagement'
26-Mar-2025 14:35:11.954 INFO [http-nio-8080-exec-42] org.apache.catalina.core.ApplicationContext.log Manager: list: Listing contexts for virtual host 'localhost'
26-Mar-2025 14:35:11.963 INFO [http-nio-8080-exec-44] org.apache.catalina.core.ApplicationContext.log Manager: list: Listing contexts for virtual host 'localhost'
26-Mar-2025 14:35:12.036 INFO [http-nio-8080-exec-37] org.apache.catalina.core.ApplicationContext.log Manager: stop: Stopping web application '/HospitalManagement'
26-Mar-2025 14:35:12.050 INFO [http-nio-8080-exec-32] org.apache.catalina.core.ApplicationContext.log Manager: start: Starting web application '/HospitalManagement'
26-Mar-2025 15:08:49.918 INFO [http-nio-8080-exec-50] org.apache.catalina.core.ApplicationContext.log Manager: list: Listing contexts for virtual host 'localhost'
26-Mar-2025 15:08:50.252 INFO [http-nio-8080-exec-56] org.apache.catalina.core.ApplicationContext.log Manager: list: Listing contexts for virtual host 'localhost'
26-Mar-2025 15:14:26.229 INFO [http-nio-8080-exec-54] org.apache.catalina.core.ApplicationContext.log Manager: list: Listing contexts for virtual host 'localhost'
26-Mar-2025 15:14:26.486 INFO [http-nio-8080-exec-56] org.apache.catalina.core.ApplicationContext.log Manager: list: Listing contexts for virtual host 'localhost'
26-Mar-2025 15:14:26.544 INFO [http-nio-8080-exec-49] org.apache.catalina.core.ApplicationContext.log Manager: undeploy: Undeploying web application at '/HospitalManagement'
26-Mar-2025 15:14:30.405 INFO [http-nio-8080-exec-53] org.apache.catalina.core.ApplicationContext.log Manager: list: Listing contexts for virtual host 'localhost'
26-Mar-2025 15:14:30.413 INFO [http-nio-8080-exec-59] org.apache.catalina.core.ApplicationContext.log Manager: list: Listing contexts for virtual host 'localhost'
26-Mar-2025 15:14:30.436 INFO [http-nio-8080-exec-52] org.apache.catalina.core.ApplicationContext.log Manager: install: Installing context configuration at 'file:/C:/Users/91976/AppData/Local/Temp/context4055567166071172819.xml'
26-Mar-2025 15:14:30.852 INFO [http-nio-8080-exec-55] org.apache.catalina.core.ApplicationContext.log Manager: start: Starting web application '/HospitalManagement'
26-Mar-2025 15:28:32.273 INFO [http-nio-8080-exec-65] org.apache.catalina.core.ApplicationContext.log Manager: list: Listing contexts for virtual host 'localhost'
26-Mar-2025 15:28:32.624 INFO [http-nio-8080-exec-62] org.apache.catalina.core.ApplicationContext.log Manager: list: Listing contexts for virtual host 'localhost'
26-Mar-2025 15:33:51.137 INFO [http-nio-8080-exec-59] org.apache.catalina.core.ApplicationContext.log Manager: list: Listing contexts for virtual host 'localhost'
26-Mar-2025 15:33:51.498 INFO [http-nio-8080-exec-61] org.apache.catalina.core.ApplicationContext.log Manager: list: Listing contexts for virtual host 'localhost'
26-Mar-2025 15:33:51.540 INFO [http-nio-8080-exec-58] org.apache.catalina.core.ApplicationContext.log Manager: list: Listing contexts for virtual host 'localhost'
26-Mar-2025 15:33:51.575 INFO [http-nio-8080-exec-65] org.apache.catalina.core.ApplicationContext.log Manager: undeploy: Undeploying web application at '/HospitalManagement'
26-Mar-2025 15:33:55.661 INFO [http-nio-8080-exec-66] org.apache.catalina.core.ApplicationContext.log Manager: list: Listing contexts for virtual host 'localhost'
26-Mar-2025 15:33:55.668 INFO [http-nio-8080-exec-69] org.apache.catalina.core.ApplicationContext.log Manager: list: Listing contexts for virtual host 'localhost'
26-Mar-2025 15:33:55.695 INFO [http-nio-8080-exec-58] org.apache.catalina.core.ApplicationContext.log Manager: install: Installing context configuration at 'file:/C:/Users/91976/AppData/Local/Temp/context11451657878641670815.xml'
26-Mar-2025 15:33:56.174 INFO [http-nio-8080-exec-62] org.apache.catalina.core.ApplicationContext.log Manager: start: Starting web application '/HospitalManagement'
26-Mar-2025 15:37:13.984 INFO [http-nio-8080-exec-69] org.apache.catalina.core.ApplicationContext.log Manager: list: Listing contexts for virtual host 'localhost'
26-Mar-2025 15:37:29.993 INFO [http-nio-8080-exec-75] org.apache.catalina.core.ApplicationContext.log Manager: list: Listing contexts for virtual host 'localhost'
26-Mar-2025 15:37:29.999 INFO [http-nio-8080-exec-76] org.apache.catalina.core.ApplicationContext.log Manager: list: Listing contexts for virtual host 'localhost'
26-Mar-2025 15:40:37.504 INFO [http-nio-8080-exec-68] org.apache.catalina.core.ApplicationContext.log Manager: list: Listing contexts for virtual host 'localhost'
26-Mar-2025 15:40:38.972 INFO [http-nio-8080-exec-70] org.apache.catalina.core.ApplicationContext.log Manager: list: Listing contexts for virtual host 'localhost'
26-Mar-2025 15:40:39.003 INFO [http-nio-8080-exec-71] org.apache.catalina.core.ApplicationContext.log Manager: list: Listing contexts for virtual host 'localhost'
26-Mar-2025 16:34:18.042 INFO [http-nio-8080-exec-70] org.apache.catalina.core.ApplicationContext.log Manager: list: Listing contexts for virtual host 'localhost'
26-Mar-2025 16:34:18.543 INFO [http-nio-8080-exec-68] org.apache.catalina.core.ApplicationContext.log Manager: list: Listing contexts for virtual host 'localhost'
26-Mar-2025 16:34:18.562 INFO [http-nio-8080-exec-75] org.apache.catalina.core.ApplicationContext.log Manager: list: Listing contexts for virtual host 'localhost'
26-Mar-2025 16:41:09.734 INFO [http-nio-8080-exec-70] org.apache.catalina.core.ApplicationContext.log Manager: list: Listing contexts for virtual host 'localhost'
26-Mar-2025 16:41:10.833 INFO [http-nio-8080-exec-76] org.apache.catalina.core.ApplicationContext.log Manager: list: Listing contexts for virtual host 'localhost'
26-Mar-2025 16:41:10.858 INFO [http-nio-8080-exec-77] org.apache.catalina.core.ApplicationContext.log Manager: list: Listing contexts for virtual host 'localhost'
26-Mar-2025 16:42:42.571 INFO [http-nio-8080-exec-76] org.apache.catalina.core.ApplicationContext.log Manager: list: Listing contexts for virtual host 'localhost'
26-Mar-2025 16:42:43.946 INFO [http-nio-8080-exec-71] org.apache.catalina.core.ApplicationContext.log Manager: list: Listing contexts for virtual host 'localhost'
26-Mar-2025 16:42:44.044 INFO [http-nio-8080-exec-68] org.apache.catalina.core.ApplicationContext.log Manager: list: Listing contexts for virtual host 'localhost'
26-Mar-2025 16:52:43.949 INFO [http-nio-8080-exec-74] org.apache.catalina.core.ApplicationContext.log Manager: list: Listing contexts for virtual host 'localhost'
26-Mar-2025 16:52:44.096 INFO [http-nio-8080-exec-70] org.apache.catalina.core.ApplicationContext.log Manager: list: Listing contexts for virtual host 'localhost'
26-Mar-2025 16:52:44.140 INFO [http-nio-8080-exec-68] org.apache.catalina.core.ApplicationContext.log Manager: undeploy: Undeploying web application at '/HospitalManagement'
26-Mar-2025 16:52:52.947 INFO [http-nio-8080-exec-79] org.apache.catalina.core.ApplicationContext.log Manager: list: Listing contexts for virtual host 'localhost'
26-Mar-2025 16:52:59.035 INFO [http-nio-8080-exec-70] org.apache.catalina.core.ApplicationContext.log Manager: list: Listing contexts for virtual host 'localhost'
26-Mar-2025 16:52:59.041 INFO [http-nio-8080-exec-69] org.apache.catalina.core.ApplicationContext.log Manager: list: Listing contexts for virtual host 'localhost'
26-Mar-2025 16:52:59.057 INFO [http-nio-8080-exec-70] org.apache.catalina.core.ApplicationContext.log Manager: install: Installing context configuration at 'file:/C:/Users/91976/AppData/Local/Temp/context12989708853432896282.xml'
26-Mar-2025 16:52:59.365 INFO [http-nio-8080-exec-73] org.apache.catalina.core.ApplicationContext.log Manager: start: Starting web application '/HospitalManagement'
26-Mar-2025 16:55:27.657 INFO [http-nio-8080-exec-81] org.apache.catalina.core.ApplicationContext.log Manager: list: Listing contexts for virtual host 'localhost'
26-Mar-2025 16:55:27.740 INFO [http-nio-8080-exec-82] org.apache.catalina.core.ApplicationContext.log Manager: list: Listing contexts for virtual host 'localhost'
26-Mar-2025 16:55:27.744 INFO [http-nio-8080-exec-86] org.apache.catalina.core.ApplicationContext.log Manager: undeploy: Undeploying web application at '/HospitalManagement'
26-Mar-2025 16:55:39.275 INFO [http-nio-8080-exec-79] org.apache.catalina.core.ApplicationContext.log Manager: list: Listing contexts for virtual host 'localhost'
26-Mar-2025 16:55:39.287 INFO [http-nio-8080-exec-87] org.apache.catalina.core.ApplicationContext.log Manager: list: Listing contexts for virtual host 'localhost'
26-Mar-2025 16:55:39.303 INFO [http-nio-8080-exec-85] org.apache.catalina.core.ApplicationContext.log Manager: install: Installing context configuration at 'file:/C:/Users/91976/AppData/Local/Temp/context11178943761801146797.xml'
26-Mar-2025 16:55:39.453 INFO [http-nio-8080-exec-83] org.apache.catalina.core.ApplicationContext.log Manager: start: Starting web application '/HospitalManagement'
26-Mar-2025 16:57:30.598 INFO [http-nio-8080-exec-92] org.apache.catalina.core.ApplicationContext.log Manager: list: Listing contexts for virtual host 'localhost'
26-Mar-2025 16:57:30.668 INFO [http-nio-8080-exec-79] org.apache.catalina.core.ApplicationContext.log Manager: list: Listing contexts for virtual host 'localhost'
26-Mar-2025 16:57:30.673 INFO [http-nio-8080-exec-78] org.apache.catalina.core.ApplicationContext.log Manager: undeploy: Undeploying web application at '/HospitalManagement'
26-Mar-2025 16:57:34.995 INFO [http-nio-8080-exec-83] org.apache.catalina.core.ApplicationContext.log Manager: list: Listing contexts for virtual host 'localhost'
26-Mar-2025 16:57:35.001 INFO [http-nio-8080-exec-92] org.apache.catalina.core.ApplicationContext.log Manager: list: Listing contexts for virtual host 'localhost'
26-Mar-2025 16:57:35.016 INFO [http-nio-8080-exec-86] org.apache.catalina.core.ApplicationContext.log Manager: install: Installing context configuration at 'file:/C:/Users/91976/AppData/Local/Temp/context6008077399238045050.xml'
26-Mar-2025 16:57:35.177 INFO [http-nio-8080-exec-91] org.apache.catalina.core.ApplicationContext.log Manager: start: Starting web application '/HospitalManagement'
26-Mar-2025 16:58:39.453 INFO [http-nio-8080-exec-96] org.apache.catalina.core.ApplicationContext.log Manager: list: Listing contexts for virtual host 'localhost'
26-Mar-2025 16:58:39.543 INFO [http-nio-8080-exec-83] org.apache.catalina.core.ApplicationContext.log Manager: list: Listing contexts for virtual host 'localhost'
26-Mar-2025 16:58:39.550 INFO [http-nio-8080-exec-98] org.apache.catalina.core.ApplicationContext.log Manager: undeploy: Undeploying web application at '/HospitalManagement'
26-Mar-2025 16:58:43.529 INFO [http-nio-8080-exec-97] org.apache.catalina.core.ApplicationContext.log Manager: list: Listing contexts for virtual host 'localhost'
26-Mar-2025 16:58:43.552 INFO [http-nio-8080-exec-101] org.apache.catalina.core.ApplicationContext.log Manager: list: Listing contexts for virtual host 'localhost'
26-Mar-2025 16:58:43.568 INFO [http-nio-8080-exec-94] org.apache.catalina.core.ApplicationContext.log Manager: install: Installing context configuration at 'file:/C:/Users/91976/AppData/Local/Temp/context15298693900262790475.xml'
26-Mar-2025 16:58:43.731 INFO [http-nio-8080-exec-78] org.apache.catalina.core.ApplicationContext.log Manager: start: Starting web application '/HospitalManagement'
26-Mar-2025 17:06:14.338 INFO [http-nio-8080-exec-103] org.apache.catalina.core.ApplicationContext.log Manager: list: Listing contexts for virtual host 'localhost'
26-Mar-2025 17:06:14.627 INFO [http-nio-8080-exec-102] org.apache.catalina.core.ApplicationContext.log Manager: list: Listing contexts for virtual host 'localhost'
26-Mar-2025 17:06:14.634 INFO [http-nio-8080-exec-100] org.apache.catalina.core.ApplicationContext.log Manager: list: Listing contexts for virtual host 'localhost'
26-Mar-2025 17:07:31.865 INFO [http-nio-8080-exec-109] org.apache.catalina.core.ApplicationContext.log Manager: list: Listing contexts for virtual host 'localhost'
26-Mar-2025 17:07:32.116 INFO [http-nio-8080-exec-106] org.apache.catalina.core.ApplicationContext.log Manager: list: Listing contexts for virtual host 'localhost'
26-Mar-2025 17:07:32.121 INFO [http-nio-8080-exec-108] org.apache.catalina.core.ApplicationContext.log Manager: list: Listing contexts for virtual host 'localhost'
26-Mar-2025 17:58:23.579 INFO [http-nio-8080-exec-101] org.apache.catalina.core.ApplicationContext.log Manager: list: Listing contexts for virtual host 'localhost'
26-Mar-2025 17:58:23.956 INFO [http-nio-8080-exec-105] org.apache.catalina.core.ApplicationContext.log Manager: list: Listing contexts for virtual host 'localhost'
26-Mar-2025 17:58:23.956 INFO [http-nio-8080-exec-109] org.apache.catalina.core.ApplicationContext.log Manager: list: Listing contexts for virtual host 'localhost'
26-Mar-2025 18:01:28.472 INFO [http-nio-8080-exec-106] org.apache.catalina.core.ApplicationContext.log Manager: list: Listing contexts for virtual host 'localhost'
26-Mar-2025 18:01:28.995 INFO [http-nio-8080-exec-106] org.apache.catalina.core.ApplicationContext.log Manager: list: Listing contexts for virtual host 'localhost'
26-Mar-2025 18:01:28.996 INFO [http-nio-8080-exec-100] org.apache.catalina.core.ApplicationContext.log Manager: list: Listing contexts for virtual host 'localhost'
26-Mar-2025 18:05:17.392 INFO [http-nio-8080-exec-104] org.apache.catalina.core.ApplicationContext.log Manager: list: Listing contexts for virtual host 'localhost'
26-Mar-2025 18:05:17.641 INFO [http-nio-8080-exec-104] org.apache.catalina.core.ApplicationContext.log Manager: list: Listing contexts for virtual host 'localhost'
26-Mar-2025 18:05:17.660 INFO [http-nio-8080-exec-100] org.apache.catalina.core.ApplicationContext.log Manager: list: Listing contexts for virtual host 'localhost'
26-Mar-2025 18:07:11.996 INFO [http-nio-8080-exec-102] org.apache.catalina.core.ApplicationContext.log Manager: list: Listing contexts for virtual host 'localhost'
26-Mar-2025 18:07:12.234 INFO [http-nio-8080-exec-109] org.apache.catalina.core.ApplicationContext.log Manager: list: Listing contexts for virtual host 'localhost'
26-Mar-2025 18:07:12.251 INFO [http-nio-8080-exec-100] org.apache.catalina.core.ApplicationContext.log Manager: list: Listing contexts for virtual host 'localhost'
26-Mar-2025 18:46:52.178 INFO [http-nio-8080-exec-107] org.apache.catalina.core.ApplicationContext.log Manager: list: Listing contexts for virtual host 'localhost'
26-Mar-2025 18:46:52.519 INFO [http-nio-8080-exec-103] org.apache.catalina.core.ApplicationContext.log Manager: list: Listing contexts for virtual host 'localhost'
26-Mar-2025 19:36:00.083 INFO [http-nio-8080-exec-102] org.apache.catalina.core.ApplicationContext.log Manager: list: Listing contexts for virtual host 'localhost'
