14-Mar-2025 12:06:36.479 INFO [http-nio-8080-exec-5] org.apache.catalina.core.ApplicationContext.log Manager: init: Associated with Deployer 'Catalina:type=Deployer,host=localhost'
14-Mar-2025 12:06:36.479 INFO [http-nio-8080-exec-5] org.apache.catalina.core.ApplicationContext.log Manager: init: Global resources are available
14-Mar-2025 12:06:36.520 INFO [http-nio-8080-exec-7] org.apache.catalina.core.ApplicationContext.log Manager: list: Listing contexts for virtual host 'localhost'
14-Mar-2025 12:06:36.539 INFO [http-nio-8080-exec-9] org.apache.catalina.core.ApplicationContext.log Manager: list: Listing contexts for virtual host 'localhost'
14-Mar-2025 12:06:36.564 INFO [http-nio-8080-exec-10] org.apache.catalina.core.ApplicationContext.log Manager: install: Installing context configuration at 'file:/C:/Users/91976/AppData/Local/Temp/context14788058331279679384.xml'
14-Mar-2025 12:06:37.189 INFO [http-nio-8080-exec-2] org.apache.catalina.core.ApplicationContext.log Manager: start: Starting web application '/WebApplication2'
14-Mar-2025 12:09:18.137 INFO [http-nio-8080-exec-10] org.apache.catalina.core.ApplicationContext.log Manager: list: Listing contexts for virtual host 'localhost'
14-Mar-2025 12:09:18.484 INFO [http-nio-8080-exec-2] org.apache.catalina.core.ApplicationContext.log Manager: list: Listing contexts for virtual host 'localhost'
14-Mar-2025 12:09:18.491 INFO [http-nio-8080-exec-1] org.apache.catalina.core.ApplicationContext.log Manager: restart: Reloading web application '/WebApplication2'
14-Mar-2025 12:09:36.666 INFO [http-nio-8080-exec-11] org.apache.catalina.core.ApplicationContext.log Manager: list: Listing contexts for virtual host 'localhost'
14-Mar-2025 12:09:36.674 INFO [http-nio-8080-exec-9] org.apache.catalina.core.ApplicationContext.log Manager: undeploy: Undeploying web application at '/WebApplication1'
14-Mar-2025 12:12:54.335 INFO [http-nio-8080-exec-14] org.apache.catalina.core.ApplicationContext.log Manager: list: Listing contexts for virtual host 'localhost'
14-Mar-2025 12:12:54.343 INFO [http-nio-8080-exec-15] org.apache.catalina.core.ApplicationContext.log Manager: stop: Stopping web application '/WebApplication2'
14-Mar-2025 12:12:54.356 INFO [http-nio-8080-exec-6] org.apache.catalina.core.ApplicationContext.log Manager: start: Starting web application '/WebApplication2'
14-Mar-2025 12:12:54.547 INFO [http-nio-8080-exec-4] org.apache.catalina.core.ApplicationContext.log Manager: list: Listing contexts for virtual host 'localhost'
14-Mar-2025 12:13:08.403 INFO [http-nio-8080-exec-13] org.apache.catalina.core.ApplicationContext.log Manager: list: Listing contexts for virtual host 'localhost'
14-Mar-2025 12:14:02.145 INFO [http-nio-8080-exec-19] org.apache.catalina.core.ApplicationContext.log Manager: list: Listing contexts for virtual host 'localhost'
14-Mar-2025 12:14:02.151 INFO [http-nio-8080-exec-20] org.apache.catalina.core.ApplicationContext.log Manager: list: Listing contexts for virtual host 'localhost'
14-Mar-2025 12:14:02.166 INFO [http-nio-8080-exec-14] org.apache.catalina.core.ApplicationContext.log Manager: stop: Stopping web application '/WebApplication2'
14-Mar-2025 12:14:02.166 INFO [http-nio-8080-exec-6] org.apache.catalina.core.ApplicationContext.log Manager: start: Starting web application '/WebApplication2'
14-Mar-2025 12:14:58.577 INFO [http-nio-8080-exec-24] org.apache.catalina.core.ApplicationContext.log Manager: list: Listing contexts for virtual host 'localhost'
14-Mar-2025 12:14:58.585 INFO [http-nio-8080-exec-6] org.apache.catalina.core.ApplicationContext.log Manager: list: Listing contexts for virtual host 'localhost'
14-Mar-2025 12:16:56.542 INFO [http-nio-8080-exec-27] org.apache.catalina.core.ApplicationContext.log Manager: list: Listing contexts for virtual host 'localhost'
14-Mar-2025 12:16:56.548 INFO [http-nio-8080-exec-25] org.apache.catalina.core.ApplicationContext.log Manager: list: Listing contexts for virtual host 'localhost'
14-Mar-2025 12:16:56.562 INFO [http-nio-8080-exec-28] org.apache.catalina.core.ApplicationContext.log Manager: install: Installing context configuration at 'file:/C:/Users/91976/AppData/Local/Temp/context17931783533607023311.xml'
14-Mar-2025 12:16:57.183 INFO [http-nio-8080-exec-8] org.apache.catalina.core.ApplicationContext.log Manager: start: Starting web application '/WebApplication1'
14-Mar-2025 12:17:53.615 INFO [http-nio-8080-exec-24] org.apache.catalina.core.ApplicationContext.log Manager: list: Listing contexts for virtual host 'localhost'
14-Mar-2025 12:17:53.999 INFO [http-nio-8080-exec-25] org.apache.catalina.core.ApplicationContext.log Manager: undeploy: Undeploying web application at '/WebApplication1'
14-Mar-2025 12:17:59.423 INFO [http-nio-8080-exec-21] org.apache.catalina.core.ApplicationContext.log Manager: list: Listing contexts for virtual host 'localhost'
14-Mar-2025 12:17:59.428 INFO [http-nio-8080-exec-27] org.apache.catalina.core.ApplicationContext.log Manager: list: Listing contexts for virtual host 'localhost'
14-Mar-2025 12:17:59.440 INFO [http-nio-8080-exec-22] org.apache.catalina.core.ApplicationContext.log Manager: install: Installing context configuration at 'file:/C:/Users/91976/AppData/Local/Temp/context14377541340920381253.xml'
14-Mar-2025 12:17:59.754 INFO [http-nio-8080-exec-28] org.apache.catalina.core.ApplicationContext.log Manager: start: Starting web application '/WebApplication1'
14-Mar-2025 12:19:52.036 INFO [http-nio-8080-exec-34] org.apache.catalina.core.ApplicationContext.log Manager: list: Listing contexts for virtual host 'localhost'
14-Mar-2025 12:19:52.051 INFO [http-nio-8080-exec-33] org.apache.catalina.core.ApplicationContext.log Manager: stop: Stopping web application '/WebApplication2'
14-Mar-2025 12:19:52.075 INFO [http-nio-8080-exec-34] org.apache.catalina.core.ApplicationContext.log Manager: start: Starting web application '/WebApplication2'
14-Mar-2025 12:19:52.330 INFO [http-nio-8080-exec-36] org.apache.catalina.core.ApplicationContext.log Manager: list: Listing contexts for virtual host 'localhost'
14-Mar-2025 12:19:53.150 INFO [http-nio-8080-exec-32] org.apache.catalina.core.ApplicationContext.log Manager: undeploy: Undeploying web application at '/WebApplication1'
14-Mar-2025 12:20:00.683 INFO [http-nio-8080-exec-39] org.apache.catalina.core.ApplicationContext.log Manager: list: Listing contexts for virtual host 'localhost'
14-Mar-2025 12:20:00.688 INFO [http-nio-8080-exec-31] org.apache.catalina.core.ApplicationContext.log Manager: list: Listing contexts for virtual host 'localhost'
14-Mar-2025 12:20:00.710 INFO [http-nio-8080-exec-22] org.apache.catalina.core.ApplicationContext.log Manager: install: Installing context configuration at 'file:/C:/Users/91976/AppData/Local/Temp/context8308649809002738542.xml'
14-Mar-2025 12:20:01.206 INFO [http-nio-8080-exec-38] org.apache.catalina.core.ApplicationContext.log Manager: start: Starting web application '/WebApplication1'
14-Mar-2025 13:07:01.467 INFO [http-nio-8080-exec-5] org.apache.catalina.core.ApplicationContext.log Manager: init: Associated with Deployer 'Catalina:type=Deployer,host=localhost'
14-Mar-2025 13:07:01.468 INFO [http-nio-8080-exec-5] org.apache.catalina.core.ApplicationContext.log Manager: init: Global resources are available
14-Mar-2025 13:07:01.512 INFO [http-nio-8080-exec-9] org.apache.catalina.core.ApplicationContext.log Manager: list: Listing contexts for virtual host 'localhost'
14-Mar-2025 13:07:01.527 INFO [http-nio-8080-exec-10] org.apache.catalina.core.ApplicationContext.log Manager: list: Listing contexts for virtual host 'localhost'
14-Mar-2025 13:07:01.554 INFO [http-nio-8080-exec-3] org.apache.catalina.core.ApplicationContext.log Manager: stop: Stopping web application '/WebApplication2'
14-Mar-2025 13:07:01.573 INFO [http-nio-8080-exec-8] org.apache.catalina.core.ApplicationContext.log Manager: start: Starting web application '/WebApplication2'
14-Mar-2025 13:07:49.731 INFO [http-nio-8080-exec-3] org.apache.catalina.core.ApplicationContext.log Manager: init: Associated with Deployer 'Catalina:type=Deployer,host=localhost'
14-Mar-2025 13:07:49.731 INFO [http-nio-8080-exec-3] org.apache.catalina.core.ApplicationContext.log Manager: init: Global resources are available
14-Mar-2025 13:07:49.756 INFO [http-nio-8080-exec-2] org.apache.catalina.core.ApplicationContext.log Manager: list: Listing contexts for virtual host 'localhost'
14-Mar-2025 13:07:49.771 INFO [http-nio-8080-exec-5] org.apache.catalina.core.ApplicationContext.log Manager: list: Listing contexts for virtual host 'localhost'
14-Mar-2025 13:08:10.211 INFO [http-nio-8080-exec-8] org.apache.catalina.core.ApplicationContext.log Manager: list: Listing contexts for virtual host 'localhost'
14-Mar-2025 13:08:10.211 INFO [http-nio-8080-exec-2] org.apache.catalina.core.ApplicationContext.log Manager: list: Listing contexts for virtual host 'localhost'
14-Mar-2025 13:08:22.239 INFO [http-nio-8080-exec-6] org.apache.catalina.core.ApplicationContext.log Manager: list: Listing contexts for virtual host 'localhost'
14-Mar-2025 13:08:22.245 INFO [http-nio-8080-exec-9] org.apache.catalina.core.ApplicationContext.log Manager: list: Listing contexts for virtual host 'localhost'
14-Mar-2025 13:08:59.607 INFO [http-nio-8080-exec-7] org.apache.catalina.core.ApplicationContext.log Manager: list: Listing contexts for virtual host 'localhost'
14-Mar-2025 13:08:59.613 INFO [http-nio-8080-exec-10] org.apache.catalina.core.ApplicationContext.log Manager: list: Listing contexts for virtual host 'localhost'
14-Mar-2025 13:09:22.994 INFO [http-nio-8080-exec-9] org.apache.catalina.core.ApplicationContext.log Manager: list: Listing contexts for virtual host 'localhost'
14-Mar-2025 13:09:22.999 INFO [http-nio-8080-exec-1] org.apache.catalina.core.ApplicationContext.log Manager: list: Listing contexts for virtual host 'localhost'
14-Mar-2025 13:11:47.804 INFO [http-nio-8080-exec-2] org.apache.catalina.core.ApplicationContext.log Manager: init: Associated with Deployer 'Catalina:type=Deployer,host=localhost'
14-Mar-2025 13:11:47.804 INFO [http-nio-8080-exec-2] org.apache.catalina.core.ApplicationContext.log Manager: init: Global resources are available
14-Mar-2025 13:11:47.826 INFO [http-nio-8080-exec-9] org.apache.catalina.core.ApplicationContext.log Manager: list: Listing contexts for virtual host 'localhost'
14-Mar-2025 13:11:47.833 INFO [http-nio-8080-exec-2] org.apache.catalina.core.ApplicationContext.log Manager: list: Listing contexts for virtual host 'localhost'
14-Mar-2025 13:21:58.164 INFO [http-nio-8080-exec-10] org.apache.catalina.core.ApplicationContext.log Manager: list: Listing contexts for virtual host 'localhost'
14-Mar-2025 13:21:58.171 INFO [http-nio-8080-exec-2] org.apache.catalina.core.ApplicationContext.log Manager: list: Listing contexts for virtual host 'localhost'
14-Mar-2025 14:01:02.489 INFO [http-nio-8080-exec-5] org.apache.catalina.core.ApplicationContext.log Manager: list: Listing contexts for virtual host 'localhost'
14-Mar-2025 14:01:02.500 INFO [http-nio-8080-exec-9] org.apache.catalina.core.ApplicationContext.log Manager: list: Listing contexts for virtual host 'localhost'
